nabmd 3j1n 20140317

Reading .pdb file (3j1n/3j1n.pdb)
Reading .prm file (3j1n/3j1n.prm)
title:
default_name                                                                    
      iter    Total
ff:     0 490665981616067837952.00
Initial energy is 490665981616067837952.0000000
Starting molecular dynamics with Born solvation energy...

      iter    Total
ff:     0 490665981616067706880.00
ff:   220 748808.53

...Done, md returns 0
      iter    Total
ff:     0 827484.79
Initial energy is 827484.7928830
Starting molecular dynamics with in vaccuo non-bonded energy...

      iter    Total
ff:     0 827484.79
ff:   220 194412.72

...Done, md returns 0
