 MPI_COMM_SIZE: COMM =             0
 MPI_COMM_RANK: COMM =             0
 ================================================================
 Using 64-bit precision
 -----------------------------------------------------
 Master reads the input file yee.dat:
 
 (px,py,pz) == dims(1:3) =             1            1            1
 nx_global, ny_global, nz_global =           240          940          240
 dx, dy, dz =    2.4999999999999999E-008   2.4999999999999999E-008 
   2.4999999999999999E-008
 nts =           608
 out =             0
 k0 =     0.000000000000000         1.000000000000000      
    0.000000000000000     
 Epol =     1.000000000000000         0.000000000000000      
    1.000000000000000     
 X0 =     0.000000000000000         1.000000000000000      
    0.000000000000000     
 pl =     10.00000000000000     
 pulse =            -2
 number_of_runs =             1
 ds =             1
 stride =           100
 comtype =             8
 CFL =    0.8660254038000000     
 PEC =             0
 OBC =            12
 number_of_PML_cells =            12
 OBJ =             1
 POWER =             2
 Number of Probes =              0
 
 -----------------------------------------------------
 *******PLANE SOURCE************************
 index (y,global):           20
 index (y,local):           20
 Plane_Source_block_index =             0
 Filename:TEwaveguide.m
 Source_order_of_comp: trains_of_z_values
 *******************************************
 Global temporary arrays for iep[xyz] allocated on master
 size (Mbytes) of each of the three arrays is           206
 *******MATERIAL****************************
 Master has completed Mat_init.
 Fields allocated in UPML_mod, Mbytes used =                       635
 
 number_of_PML_cells =            12
 Using polynomial profile for sigma, with degree            4
 *******POWER*******************************
 Input file    :   incident_W3PC_25nm.def
 Stride:                    4000
 Skip:                     10000
 Filenamebase:     incident_W3PC
 No. frequencies:           4001
 First frequency:      100000000000000.0     
 Last frequency:       300000000000000.0     
 DFT window start:    2147483647
 Y-index (global):           100
 ===========================================
 incident_W3PC_25nm.def will belong to nodes in y-block:             0
 ===========================================
 *******POWER*******************************
 Input file    :   trans_W3PC_25nm.def
 Stride:                    4000
 Skip:                     10000
 Filenamebase:     trans_W3PC
 No. frequencies:           4001
 First frequency:      100000000000000.0     
 Last frequency:       300000000000000.0     
 DFT window start:    2147483647
 Y-index (global):           840
 ===========================================
 trans_W3PC_25nm.def will belong to nodes in y-block:             0
 ===========================================
 Total number of power coords =         21504
 Arrays allocated in power_mod, Mbytes used =                      5252 my_id =
             0
 Leaving initialization routine init.f90
 Electromagnetic fields allocated, Mbytes =                      3104
 -----------------------------------------------------
 (Master) Entering main loop
 UPML used as OBC!
 Progress report (no output), ts =          100
 Progress report (no output), ts =          200
 Progress report (no output), ts =          300
 Progress report (no output), ts =          400
 Progress report (no output), ts =          500
 Progress report (no output), ts =          600
 Ending main loop
=====================================================
=====================================================
