Threads: 1

 Performance counter stats for './bwaves bwaves_1':

     2394494446857      cycles                                                             
     5451399539357      instructions                     #    2.28  insn per cycle         

    1198.259650170 seconds time elapsed

    1186.666965000 seconds user
      11.241034000 seconds sys


---------------------------------
Threads: 2

 Performance counter stats for './bwaves bwaves_1':

     2444591935560      cycles                                                             
     5461006477692      instructions                     #    2.23  insn per cycle         

     611.322532150 seconds time elapsed

    1209.356014000 seconds user
      13.083614000 seconds sys


---------------------------------
Threads: 4

 Performance counter stats for './bwaves bwaves_1':

     2895106000904      cycles                                                             
     5483384380487      instructions                     #    1.89  insn per cycle         

     361.960588240 seconds time elapsed

    1426.147688000 seconds user
      21.509702000 seconds sys


---------------------------------
Threads: 8

 Performance counter stats for './bwaves bwaves_1':

     5162210652755      cycles                                                             
     5549355579375      instructions                     #    1.07  insn per cycle         

     326.665179210 seconds time elapsed

    2574.811624000 seconds user
      38.104146000 seconds sys


---------------------------------
Threads: 16

 Performance counter stats for './bwaves bwaves_1':

     5734257820770      cycles                                                             
     5631813391072      instructions                     #    0.98  insn per cycle         

     179.263784060 seconds time elapsed

    2823.452189000 seconds user
      43.932828000 seconds sys


---------------------------------
Threads: 32

 Performance counter stats for './bwaves bwaves_1':

     6967584669374      cycles                                                             
     5791076641485      instructions                     #    0.83  insn per cycle         

     109.007621200 seconds time elapsed

    3425.593062000 seconds user
      59.538526000 seconds sys


---------------------------------
Threads: 64

 Performance counter stats for './bwaves bwaves_1':

    11743444165392      cycles                                                             
     6108914057102      instructions                     #    0.52  insn per cycle         

      91.856083820 seconds time elapsed

    5771.617113000 seconds user
     101.488141000 seconds sys


---------------------------------
Threads: 128

 Performance counter stats for './bwaves bwaves_1':

    23914767250907      cycles                                                             
     6918285377837      instructions                     #    0.29  insn per cycle         

      93.607148100 seconds time elapsed

   11625.378582000 seconds user
     336.238642000 seconds sys


---------------------------------
